build/app/outputs/mapping/release/usage.txt
com.example.radium_tech.R$attr
com.example.radium_tech.R
com.example.radium_tech.R$styleable
com.example.radium_tech.R$id
com.example.radium_tech.R$drawable
com.example.radium_tech.R$color
com.example.radium_tech.R$style
com.example.radium_tech.R$dimen
com.example.radium_tech.R$integer
com.example.radium_tech.BuildConfig
com.example.radium_tech.R$mipmap
com.example.radium_tech.R$string
com.example.radium_tech.R$layout
...
androidx.core.app.Person
androidx.fragment.app.FragmentManagerImpl$EndViewTransitionAnimation
kotlin.coroutines.experimental.migration.ContinuationInterceptorMigration
kotlin.internal.PlatformImplementationsKt
androidx.annotation.ArrayRes
kotlin.collections.MutableMapWithDefault
androidx.annotation.StyleRes
androidx.core.content.MimeTypeFilter
androidx.core.view.DisplayCutoutCompat
androidx.core.app.NotificationCompat$NotificationVisibility
kotlin.collections.CollectionsKt___CollectionsKt
android.support.v4.os.ResultReceiver$MyResultReceiver
kotlin.jvm.internal.MutablePropertyReference0Impl
kotlin.coroutines.experimental.migration.ContextMigration
androidx.core.view.VelocityTrackerCompat
kotlin.math.UMathKt
kotlin.sequences.SequencesKt___SequencesKt$zipWithNext$2
kotlin.collections.EmptyList
kotlin.random.PlatformRandom
org.intellij.lang.annotations.Subst
kotlin.collections.UArraySortingKt
kotlin.Experimental$Level
androidx.core.text.PrecomputedTextCompat$PrecomputedTextFutureTask$PrecomputedTextCallback
kotlin.text.Regex$Companion
kotlin.jvm.internal.PropertyReference0
androidx.core.widget.TintableCompoundButton
io.flutter.util.Preconditions:
    private void <init>()
    public static java.lang.Object checkNotNull(java.lang.Object)
    public static void checkState(boolean)
androidx.core.view.accessibility.AccessibilityManagerCompat$AccessibilityStateChangeListenerCompat
kotlin.collections.ReversedListReadOnly
kotlin.collections.unsigned.UArraysKt
kotlin.collections.CollectionsKt__MutableCollectionsJVMKt
kotlin.sequences.SequencesKt___SequencesKt$flatMap$1
androidx.viewpager.R$drawable
androidx.core.R$color
androidx.activity.ComponentActivity$2:
    void <init>(androidx.activity.ComponentActivity)
kotlin.text.MatcherMatchResult$groups$1
io.flutter.plugin.mouse.MouseCursorPlugin$2:
    private static final long serialVersionUID
io.flutter.embedding.engine.dart.DartExecutor:
    public void executeDartCallback(io.flutter.embedding.engine.dart.DartExecutor$DartCallback)
    public io.flutter.plugin.common.BinaryMessenger getBinaryMessenger()
    public void send(java.lang.String,java.nio.ByteBuffer)
    public int getPendingChannelResponseCount()
    public void setIsolateServiceIdListener(io.flutter.embedding.engine.dart.DartExecutor$IsolateServiceIdListener)
    private static final java.lang.String TAG
androidx.core.view.GestureDetectorCompat$GestureDetectorCompatImplBase$GestureHandler
kotlin.collections.IndexedValue
kotlin.concurrent.ThreadsKt$thread$thread$1
kotlin.UShortArray
kotlin.concurrent.TimersKt$timerTask$1
kotlin.ranges.UIntProgression$Companion
kotlin.collections.ArraysKt___ArraysKt$withIndex$7
kotlin.coroutines.intrinsics.IntrinsicsKt__IntrinsicsJvmKt
kotlin.collections.ArraysKt___ArraysJvmKt$asList$6
kotlin.collections.SetsKt__SetsKt
kotlin.UInt
kotlin.text.CharCategory
kotlin.io.FilesKt__FilePathComponentsKt
androidx.viewpager.widget.PagerTitleStrip
androidx.core.hardware.fingerprint.FingerprintManagerCompat$1
androidx.core.text.util.LinkifyCompat$LinkSpec
kotlin.text.RegexKt
androidx.core.graphics.PathUtils
androidx.core.app.NotificationCompat$WearableExtender
kotlin.collections.ArraysKt___ArraysKt$asSequence$$inlined$Sequence$5
kotlin.jvm.functions.Function19
androidx.annotation.BoolRes
kotlin.NumbersKt__NumbersKt
kotlin.Triple
androidx.lifecycle.AndroidViewModel
kotlin.collections.AbstractList
io.flutter.embedding.android.FlutterFragment$NewEngineFragmentBuilder
kotlin.coroutines.experimental.CombinedContext
io.flutter.plugin.common.PluginRegistry$PluginRegistrantCallback
androidx.loader.app.LoaderManagerImpl$LoaderViewModel
kotlin.collections.AbstractMutableSet
androidx.core.app.NotificationBuilderWithBuilderAccessor
androidx.core.view.accessibility.AccessibilityNodeInfoCompat$CollectionInfoCompat
org.jetbrains.annotations.Nls
kotlin.collections.IndexingIterable
androidx.viewpager.widget.ViewPager$3
io.flutter.app.FlutterActivityDelegate$1
androidx.core.app.FrameMetricsAggregator$FrameMetricsBaseImpl